<?xml version="1.0" encoding="UTF-8"?>
<!-- Generated by org.testng.reporters.JUnitXMLReporter -->
<testsuite ignored="0" hostname="DEMONKING" failures="0" tests="20" name="Default test" time="1.957" errors="0" timestamp="2022-10-02T02:28:02 IST">
  <testcase classname="data_provider.Demo" name="demo" time="0.014"/>
  <testcase classname="data_provider.Demo" name="demo" time="0.005"/>
  <testcase classname="data_provider.Demo" name="demo" time="0.004"/>
  <testcase classname="data_provider.Demo" name="demo" time="0.004"/>
  <testcase classname="data_provider.Demo" name="demo" time="0.008"/>
  <testcase classname="data_provider.Demo" name="demo" time="0.004"/>
  <testcase classname="data_provider.Demo" name="demo" time="0.005"/>
  <testcase classname="data_provider.Demo" name="demo" time="0.003"/>
  <testcase classname="data_provider.Demo" name="demo" time="0.002"/>
  <testcase classname="data_provider.Demo" name="demo" time="0.006"/>
  <testcase classname="data_provider.Demo" name="demo" time="0.003"/>
  <testcase classname="data_provider.Demo" name="demo" time="0.003"/>
  <testcase classname="data_provider.Demo" name="demo" time="0.003"/>
  <testcase classname="data_provider.Demo" name="demo" time="0.004"/>
  <testcase classname="data_provider.Demo" name="demo" time="0.002"/>
  <testcase classname="data_provider.Demo" name="demo" time="0.005"/>
  <testcase classname="data_provider.Demo" name="demo" time="0.001"/>
  <testcase classname="data_provider.Demo" name="demo" time="0.003"/>
  <testcase classname="data_provider.Demo" name="demo" time="0.009"/>
  <testcase classname="data_provider.Demo" name="demo" time="0.004"/>
</testsuite> <!-- Default test -->
