<?xml version="1.0" encoding="UTF-8"?>
<!-- Generated by org.testng.reporters.JUnitXMLReporter -->
<testsuite ignored="0" hostname="DEMONKING" failures="1" tests="5" name="Listener_Test" time="0.138" errors="0" timestamp="2022-10-02T00:25:30 IST">
  <testcase classname="listener_demo.Listener_Demo" name="login" time="0.016"/>
  <testcase classname="listener_demo.Listener_Demo" name="dashBoard" time="0.003"/>
  <testcase classname="listener_demo.Listener_Demo" name="sellShare" time="0.003"/>
  <testcase classname="listener_demo.Listener_Demo" name="buyShare" time="0.007">
    <failure type="java.lang.AssertionError" message="expected [true] but found [false]">
      <![CDATA[java.lang.AssertionError: expected [true] but found [false]
at listener_demo.Listener_Demo.buyShare(Listener_Demo.java:45)
at java.base/java.util.ArrayList.forEach(ArrayList.java:1511)
... Removed 31 stack frames]]>
    </failure>
  </testcase> <!-- buyShare -->
  <testcase classname="listener_demo.Listener_Demo" name="logout" time="0.0">
    <skipped/>
  </testcase> <!-- logout -->
</testsuite> <!-- Listener_Test -->
