<?xml version="1.0" encoding="UTF-8"?>
<!-- Generated by org.testng.reporters.JUnitXMLReporter -->
<testsuite ignored="0" hostname="DEMONKING" failures="0" tests="4" name="Test Set 1" time="0.145" errors="0" timestamp="2022-10-02T02:04:00 IST">
  <testcase classname="parallel_execution.Parallel_Execution_Demo1" name="BuyShare" time="0.017"/>
  <testcase classname="parallel_execution.Parallel_Execution_Demo1" name="dashBoard" time="0.007"/>
  <testcase classname="parallel_execution.Parallel_Execution_Demo1" name="login" time="0.003"/>
  <testcase classname="parallel_execution.Parallel_Execution_Demo1" name="sellShare" time="0.008"/>
</testsuite> <!-- Test Set 1 -->
