<?xml version="1.0" encoding="UTF-8"?>
<!-- Generated by org.testng.reporters.JUnitXMLReporter -->
<testsuite ignored="0" hostname="DEMONKING" failures="0" tests="8" name="Test" time="0.129" errors="0" timestamp="2022-10-02T01:12:06 IST">
  <testcase classname="parallel_execution.Parallel_Execution_Demo1" name="BuyShare" time="0.019"/>
  <testcase classname="parallel_execution.Parallel_Execution_Demo2" name="BuyShare" time="0.019"/>
  <testcase classname="parallel_execution.Parallel_Execution_Demo1" name="dashBoard" time="0.003"/>
  <testcase classname="parallel_execution.Parallel_Execution_Demo2" name="dashBoard" time="0.006"/>
  <testcase classname="parallel_execution.Parallel_Execution_Demo1" name="login" time="0.004"/>
  <testcase classname="parallel_execution.Parallel_Execution_Demo2" name="login" time="0.003"/>
  <testcase classname="parallel_execution.Parallel_Execution_Demo1" name="sellShare" time="0.004"/>
  <testcase classname="parallel_execution.Parallel_Execution_Demo2" name="sellShare" time="0.005"/>
</testsuite> <!-- Test -->
